Zend/Acl:


Zend/Authentication:


Zend/Barcode:


Zend/Cache:


Zend/Captcha:


Zend/Cloud:


Zend/Code:


Zend/Config:


Zend/Console:


Zend/Crypt:


Zend/Currency:


Zend/Db:


Zend/DebugTest.php:


Zend/Di:


Zend/DocBook:


Zend/Dom:


Zend/Escaper:


Zend/EventManager:


Zend/Feed:


Zend/File:


Zend/Filter:


Zend/Form:


Zend/GData:


Zend/Http:


Zend/I18n:


Zend/InfoCard:


Zend/InputFilter:


Zend/Json:


Zend/Ldap:


Zend/Loader:


Zend/Locale:


Zend/Log:


Zend/Mail:


Zend/Markup:


Zend/Math:


Zend/Measure:


Zend/Memory:


Zend/Mime:


Zend/ModuleManager:


Zend/Mvc:


Zend/Navigation:


Zend/OAuth:


Zend/OpenId:


Zend/Paginator:


Zend/Pdf:


Zend/ProgressBar:


Zend/RegistryTest.php:


Zend/Rest:


Zend/Router:

Fatal error: Uncaught exception 'PHPUnit_Framework_Exception' with message 'Neither "/home/matthew/git/zf2/tests/Zend/Router.php" nor "/home/matthew/git/zf2/tests/Zend/Router.php" could be opened.' in /home/matthew/git/phpunit/phpunit/PHPUnit/Util/Skeleton/Test.php on line 100

PHPUnit_Framework_Exception: Neither "/home/matthew/git/zf2/tests/Zend/Router.php" nor "/home/matthew/git/zf2/tests/Zend/Router.php" could be opened. in /home/matthew/git/phpunit/phpunit/PHPUnit/Util/Skeleton/Test.php on line 100

Call Stack:
    0.0001     630872   1. {main}() /home/matthew/git/phpunit/phpunit/phpunit.php:0
    0.0024    1227232   2. PHPUnit_TextUI_Command::main($exit = ???) /home/matthew/git/phpunit/phpunit/phpunit.php:46
    0.0024    1227960   3. PHPUnit_TextUI_Command->run($argv = array (0 => '/home/matthew/git/phpunit/phpunit/phpunit.php', 1 => '--stderr', 2 => '-c', 3 => 'phpunit.xml.dist', 4 => '/home/matthew/git/zf2/tests/Zend/Router'), $exit = TRUE) /home/matthew/git/phpunit/phpunit/PHPUnit/TextUI/Command.php:130
    0.0323    3276576   4. PHPUnit_Util_Skeleton_Test->__construct($inClassName = '/home/matthew/git/zf2/tests/Zend/Router', $inSourceFile = '', $outClassName = ???, $outSourceFile = ???) /home/matthew/git/phpunit/phpunit/PHPUnit/TextUI/Command.php:157



Zend/Search:


Zend/Serializer:


Zend/Server:

Fatal error: Class 'Zend\Server\Service' not found in /home/matthew/git/zf2/tests/Zend/Server/ServiceTest.php on line 13

Call Stack:
    0.0001     630872   1. {main}() /home/matthew/git/phpunit/phpunit/phpunit.php:0
    0.0023    1227232   2. PHPUnit_TextUI_Command::main($exit = ???) /home/matthew/git/phpunit/phpunit/phpunit.php:46
    0.0023    1227960   3. PHPUnit_TextUI_Command->run($argv = array (0 => '/home/matthew/git/phpunit/phpunit/phpunit.php', 1 => '--stderr', 2 => '-c', 3 => 'phpunit.xml.dist', 4 => '/home/matthew/git/zf2/tests/Zend/Server'), $exit = TRUE) /home/matthew/git/phpunit/phpunit/PHPUnit/TextUI/Command.php:130
    0.0619    7582160   4. PHPUnit_TextUI_TestRunner->doRun($suite = class PHPUnit_Framework_TestSuite { protected $backupGlobals = NULL; protected $backupStaticAttributes = NULL; protected $name = '/home/matthew/git/zf2/tests/Zend/Server'; protected $groups = array (...); protected $tests = array (...); protected $numTests = 121; protected $testCase = FALSE }, $arguments = array ('listGroups' => FALSE, 'loader' => NULL, 'useDefaultConfiguration' => TRUE, 'printer' => class PHPUnit_TextUI_ResultPrinter { ... }, 'configuration' => 'phpunit.xml.dist')) /home/matthew/git/phpunit/phpunit/PHPUnit/TextUI/Command.php:192
    0.0631    7835464   5. PHPUnit_Framework_TestSuite->run($result = class PHPUnit_Framework_TestResult { protected $passed = array (...); protected $errors = array (...); protected $deprecatedFeatures = array (...); protected $failures = array (...); protected $notImplemented = array (...); protected $skipped = array (...); protected $listeners = array (...); protected $runTests = 121; protected $time = 0.12462067604065; protected $topTestSuite = class PHPUnit_Framework_TestSuite { ... }; protected $codeCoverage = NULL; protected $convertErrorsToExceptions = TRUE; protected $stop = FALSE; protected $stopOnError = FALSE; protected $stopOnFailure = FALSE; protected $strictMode = FALSE; protected $stopOnIncomplete = FALSE; protected $stopOnSkipped = FALSE; protected $lastTestFailed = FALSE; protected $timeoutForSmallTests = 1; protected $timeoutForMediumTests = 10; protected $timeoutForLargeTests = 60 }, $filter = FALSE, $groups = array (), $excludeGroups = array (0 => 'disable', 1 => 'Zend_Amf', 2 => 'Zend_Date', 3 => 'Zend_Dojo', 4 => 'Zend_Queue', 5 => 'Zend_Service', 6 => 'Zend_Test', 7 => 'Zend_Wildfire'), $processIsolation = FALSE) /home/matthew/git/phpunit/phpunit/PHPUnit/TextUI/TestRunner.php:325
    0.2141   11651576   6. PHPUnit_Framework_TestSuite->run($result = class PHPUnit_Framework_TestResult { protected $passed = array (...); protected $errors = array (...); protected $deprecatedFeatures = array (...); protected $failures = array (...); protected $notImplemented = array (...); protected $skipped = array (...); protected $listeners = array (...); protected $runTests = 121; protected $time = 0.12462067604065; protected $topTestSuite = class PHPUnit_Framework_TestSuite { ... }; protected $codeCoverage = NULL; protected $convertErrorsToExceptions = TRUE; protected $stop = FALSE; protected $stopOnError = FALSE; protected $stopOnFailure = FALSE; protected $strictMode = FALSE; protected $stopOnIncomplete = FALSE; protected $stopOnSkipped = FALSE; protected $lastTestFailed = FALSE; protected $timeoutForSmallTests = 1; protected $timeoutForMediumTests = 10; protected $timeoutForLargeTests = 60 }, $filter = FALSE, $groups = array (), $excludeGroups = array (0 => 'disable', 1 => 'Zend_Amf', 2 => 'Zend_Date', 3 => 'Zend_Dojo', 4 => 'Zend_Queue', 5 => 'Zend_Service', 6 => 'Zend_Test', 7 => 'Zend_Wildfire'), $processIsolation = FALSE) /home/matthew/git/phpunit/phpunit/PHPUnit/Framework/TestSuite.php:705
    0.2141   11652056   7. PHPUnit_Framework_TestSuite->runTest($test = class ZendTest\Server\ServiceTest { protected $backupGlobals = NULL; protected $backupGlobalsBlacklist = array (...); protected $backupStaticAttributes = NULL; protected $backupStaticAttributesBlacklist = array (...); protected $runTestInSeparateProcess = FALSE; protected $preserveGlobalState = TRUE; private ${PHPUnit_Framework_TestCase}:inIsolation = FALSE; private ${PHPUnit_Framework_TestCase}:data = array (...); private ${PHPUnit_Framework_TestCase}:dataName = ''; private ${PHPUnit_Framework_TestCase}:useErrorHandler = NULL; private ${PHPUnit_Framework_TestCase}:useOutputBuffering = NULL; private ${PHPUnit_Framework_TestCase}:expectedException = NULL; private ${PHPUnit_Framework_TestCase}:expectedExceptionMessage = ''; private ${PHPUnit_Framework_TestCase}:expectedExceptionCode = NULL; private ${PHPUnit_Framework_TestCase}:expectedExceptionTrace = array (...); private ${PHPUnit_Framework_TestCase}:requiredPhp = ''; private ${PHPUnit_Framework_TestCase}:requiredPhpUnit = ''; private ${PHPUnit_Framework_TestCase}:name = 'testServiceRequiresANameAndTarget'; private ${PHPUnit_Framework_TestCase}:dependencies = array (...); private ${PHPUnit_Framework_TestCase}:dependencyInput = array (...); private ${PHPUnit_Framework_TestCase}:iniSettings = array (...); private ${PHPUnit_Framework_TestCase}:locale = array (...); private ${PHPUnit_Framework_TestCase}:mockObjects = array (...); private ${PHPUnit_Framework_TestCase}:status = NULL; private ${PHPUnit_Framework_TestCase}:statusMessage = ''; private ${PHPUnit_Framework_TestCase}:numAssertions = 0; private ${PHPUnit_Framework_TestCase}:result = class PHPUnit_Framework_TestResult { ... }; private ${PHPUnit_Framework_TestCase}:testResult = NULL; private ${PHPUnit_Framework_TestCase}:output = ''; private ${PHPUnit_Framework_TestCase}:outputExpectedRegex = NULL; private ${PHPUnit_Framework_TestCase}:outputExpectedString = NULL; private ${PHPUnit_Framework_TestCase}:hasPerformedExpectationsOnOutput = FALSE; private ${PHPUnit_Framework_TestCase}:outputCallback = FALSE; private ${PHPUnit_Framework_TestCase}:outputBufferingActive = TRUE }, $result = class PHPUnit_Framework_TestResult { protected $passed = array (...); protected $errors = array (...); protected $deprecatedFeatures = array (...); protected $failures = array (...); protected $notImplemented = array (...); protected $skipped = array (...); protected $listeners = array (...); protected $runTests = 121; protected $time = 0.12462067604065; protected $topTestSuite = class PHPUnit_Framework_TestSuite { ... }; protected $codeCoverage = NULL; protected $convertErrorsToExceptions = TRUE; protected $stop = FALSE; protected $stopOnError = FALSE; protected $stopOnFailure = FALSE; protected $strictMode = FALSE; protected $stopOnIncomplete = FALSE; protected $stopOnSkipped = FALSE; protected $lastTestFailed = FALSE; protected $timeoutForSmallTests = 1; protected $timeoutForMediumTests = 10; protected $timeoutForLargeTests = 60 }) /home/matthew/git/phpunit/phpunit/PHPUnit/Framework/TestSuite.php:745
    0.2141   11652056   8. PHPUnit_Framework_TestCase->run($result = class PHPUnit_Framework_TestResult { protected $passed = array (...); protected $errors = array (...); protected $deprecatedFeatures = array (...); protected $failures = array (...); protected $notImplemented = array (...); protected $skipped = array (...); protected $listeners = array (...); protected $runTests = 121; protected $time = 0.12462067604065; protected $topTestSuite = class PHPUnit_Framework_TestSuite { ... }; protected $codeCoverage = NULL; protected $convertErrorsToExceptions = TRUE; protected $stop = FALSE; protected $stopOnError = FALSE; protected $stopOnFailure = FALSE; protected $strictMode = FALSE; protected $stopOnIncomplete = FALSE; protected $stopOnSkipped = FALSE; protected $lastTestFailed = FALSE; protected $timeoutForSmallTests = 1; protected $timeoutForMediumTests = 10; protected $timeoutForLargeTests = 60 }) /home/matthew/git/phpunit/phpunit/PHPUnit/Framework/TestSuite.php:772
    0.2142   11652056   9. PHPUnit_Framework_TestResult->run($test = class ZendTest\Server\ServiceTest { protected $backupGlobals = NULL; protected $backupGlobalsBlacklist = array (...); protected $backupStaticAttributes = NULL; protected $backupStaticAttributesBlacklist = array (...); protected $runTestInSeparateProcess = FALSE; protected $preserveGlobalState = TRUE; private ${PHPUnit_Framework_TestCase}:inIsolation = FALSE; private ${PHPUnit_Framework_TestCase}:data = array (...); private ${PHPUnit_Framework_TestCase}:dataName = ''; private ${PHPUnit_Framework_TestCase}:useErrorHandler = NULL; private ${PHPUnit_Framework_TestCase}:useOutputBuffering = NULL; private ${PHPUnit_Framework_TestCase}:expectedException = NULL; private ${PHPUnit_Framework_TestCase}:expectedExceptionMessage = ''; private ${PHPUnit_Framework_TestCase}:expectedExceptionCode = NULL; private ${PHPUnit_Framework_TestCase}:expectedExceptionTrace = array (...); private ${PHPUnit_Framework_TestCase}:requiredPhp = ''; private ${PHPUnit_Framework_TestCase}:requiredPhpUnit = ''; private ${PHPUnit_Framework_TestCase}:name = 'testServiceRequiresANameAndTarget'; private ${PHPUnit_Framework_TestCase}:dependencies = array (...); private ${PHPUnit_Framework_TestCase}:dependencyInput = array (...); private ${PHPUnit_Framework_TestCase}:iniSettings = array (...); private ${PHPUnit_Framework_TestCase}:locale = array (...); private ${PHPUnit_Framework_TestCase}:mockObjects = array (...); private ${PHPUnit_Framework_TestCase}:status = NULL; private ${PHPUnit_Framework_TestCase}:statusMessage = ''; private ${PHPUnit_Framework_TestCase}:numAssertions = 0; private ${PHPUnit_Framework_TestCase}:result = class PHPUnit_Framework_TestResult { ... }; private ${PHPUnit_Framework_TestCase}:testResult = NULL; private ${PHPUnit_Framework_TestCase}:output = ''; private ${PHPUnit_Framework_TestCase}:outputExpectedRegex = NULL; private ${PHPUnit_Framework_TestCase}:outputExpectedString = NULL; private ${PHPUnit_Framework_TestCase}:hasPerformedExpectationsOnOutput = FALSE; private ${PHPUnit_Framework_TestCase}:outputCallback = FALSE; private ${PHPUnit_Framework_TestCase}:outputBufferingActive = TRUE }) /home/matthew/git/phpunit/phpunit/PHPUnit/Framework/TestCase.php:751
    0.2142   11653048  10. PHPUnit_Framework_TestCase->runBare() /home/matthew/git/phpunit/phpunit/PHPUnit/Framework/TestResult.php:649
    0.2144   11713632  11. PHPUnit_Framework_TestCase->runTest() /home/matthew/git/phpunit/phpunit/PHPUnit/Framework/TestCase.php:804
    0.2144   11715072  12. ReflectionMethod->invokeArgs(class ZendTest\Server\ServiceTest { protected $backupGlobals = NULL; protected $backupGlobalsBlacklist = array (...); protected $backupStaticAttributes = NULL; protected $backupStaticAttributesBlacklist = array (...); protected $runTestInSeparateProcess = FALSE; protected $preserveGlobalState = TRUE; private ${PHPUnit_Framework_TestCase}:inIsolation = FALSE; private ${PHPUnit_Framework_TestCase}:data = array (...); private ${PHPUnit_Framework_TestCase}:dataName = ''; private ${PHPUnit_Framework_TestCase}:useErrorHandler = NULL; private ${PHPUnit_Framework_TestCase}:useOutputBuffering = NULL; private ${PHPUnit_Framework_TestCase}:expectedException = NULL; private ${PHPUnit_Framework_TestCase}:expectedExceptionMessage = ''; private ${PHPUnit_Framework_TestCase}:expectedExceptionCode = NULL; private ${PHPUnit_Framework_TestCase}:expectedExceptionTrace = array (...); private ${PHPUnit_Framework_TestCase}:requiredPhp = ''; private ${PHPUnit_Framework_TestCase}:requiredPhpUnit = ''; private ${PHPUnit_Framework_TestCase}:name = 'testServiceRequiresANameAndTarget'; private ${PHPUnit_Framework_TestCase}:dependencies = array (...); private ${PHPUnit_Framework_TestCase}:dependencyInput = array (...); private ${PHPUnit_Framework_TestCase}:iniSettings = array (...); private ${PHPUnit_Framework_TestCase}:locale = array (...); private ${PHPUnit_Framework_TestCase}:mockObjects = array (...); private ${PHPUnit_Framework_TestCase}:status = NULL; private ${PHPUnit_Framework_TestCase}:statusMessage = ''; private ${PHPUnit_Framework_TestCase}:numAssertions = 0; private ${PHPUnit_Framework_TestCase}:result = class PHPUnit_Framework_TestResult { ... }; private ${PHPUnit_Framework_TestCase}:testResult = NULL; private ${PHPUnit_Framework_TestCase}:output = ''; private ${PHPUnit_Framework_TestCase}:outputExpectedRegex = NULL; private ${PHPUnit_Framework_TestCase}:outputExpectedString = NULL; private ${PHPUnit_Framework_TestCase}:hasPerformedExpectationsOnOutput = FALSE; private ${PHPUnit_Framework_TestCase}:outputCallback = FALSE; private ${PHPUnit_Framework_TestCase}:outputBufferingActive = TRUE }, array ()) /home/matthew/git/phpunit/phpunit/PHPUnit/Framework/TestCase.php:942
    0.2144   11715104  13. ZendTest\Server\ServiceTest->testServiceRequiresANameAndTarget() /home/matthew/git/phpunit/phpunit/PHPUnit/Framework/TestCase.php:942



Zend/ServiceManager:


Zend/Session:


Zend/Soap:


Zend/Stdlib:


Zend/Tag:


Zend/Text:


Zend/TimeSync:


Zend/Tool:

Fatal error: Uncaught exception 'PHPUnit_Framework_Exception' with message 'Neither "/home/matthew/git/zf2/tests/Zend/Tool.php" nor "/home/matthew/git/zf2/tests/Zend/Tool.php" could be opened.' in /home/matthew/git/phpunit/phpunit/PHPUnit/Util/Skeleton/Test.php on line 100

PHPUnit_Framework_Exception: Neither "/home/matthew/git/zf2/tests/Zend/Tool.php" nor "/home/matthew/git/zf2/tests/Zend/Tool.php" could be opened. in /home/matthew/git/phpunit/phpunit/PHPUnit/Util/Skeleton/Test.php on line 100

Call Stack:
    0.0001     630872   1. {main}() /home/matthew/git/phpunit/phpunit/phpunit.php:0
    0.0023    1227232   2. PHPUnit_TextUI_Command::main($exit = ???) /home/matthew/git/phpunit/phpunit/phpunit.php:46
    0.0024    1227960   3. PHPUnit_TextUI_Command->run($argv = array (0 => '/home/matthew/git/phpunit/phpunit/phpunit.php', 1 => '--stderr', 2 => '-c', 3 => 'phpunit.xml.dist', 4 => '/home/matthew/git/zf2/tests/Zend/Tool'), $exit = TRUE) /home/matthew/git/phpunit/phpunit/PHPUnit/TextUI/Command.php:130
    0.3022    3279344   4. PHPUnit_Util_Skeleton_Test->__construct($inClassName = '/home/matthew/git/zf2/tests/Zend/Tool', $inSourceFile = '', $outClassName = ???, $outSourceFile = ???) /home/matthew/git/phpunit/phpunit/PHPUnit/TextUI/Command.php:157



Zend/Translator:


Zend/Uri:


Zend/Validator:


Zend/VersionTest.php:


Zend/View:


Zend/XmlRpc:


